{"/Users/jonathancruz/dev/personal/sheeps-helpers-react/src/index.ts": {"path":"/Users/jonathancruz/dev/personal/sheeps-helpers-react/src/index.ts","all":false,"statementMap":{"0":{"start":{"line":1,"column":0},"end":{"line":1,"column":24}}},"s":{"0":1},"branchMap":{},"b":{},"fnMap":{},"f":{}}
,"/Users/jonathancruz/dev/personal/sheeps-helpers-react/src/hooks/index.ts": {"path":"/Users/jonathancruz/dev/personal/sheeps-helpers-react/src/hooks/index.ts","all":false,"statementMap":{"0":{"start":{"line":1,"column":0},"end":{"line":1,"column":47}}},"s":{"0":1},"branchMap":{},"b":{},"fnMap":{},"f":{}}
,"/Users/jonathancruz/dev/personal/sheeps-helpers-react/src/hooks/useFetch/useFetch.tsx": {"path":"/Users/jonathancruz/dev/personal/sheeps-helpers-react/src/hooks/useFetch/useFetch.tsx","all":false,"statementMap":{"0":{"start":{"line":1,"column":0},"end":{"line":1,"column":55}},"1":{"start":{"line":2,"column":0},"end":{"line":2,"column":0}},"2":{"start":{"line":3,"column":0},"end":{"line":3,"column":26}},"3":{"start":{"line":4,"column":0},"end":{"line":4,"column":7}},"4":{"start":{"line":5,"column":0},"end":{"line":5,"column":22}},"5":{"start":{"line":6,"column":0},"end":{"line":6,"column":15}},"6":{"start":{"line":7,"column":0},"end":{"line":7,"column":1}}},"s":{"0":1,"1":1,"2":1,"3":1,"4":1,"5":1,"6":1},"branchMap":{"0":{"type":"branch","line":3,"loc":{"start":{"line":3,"column":24},"end":{"line":7,"column":1}},"locations":[{"start":{"line":3,"column":24},"end":{"line":7,"column":1}}]}},"b":{"0":[1]},"fnMap":{"0":{"name":"useFetch","decl":{"start":{"line":3,"column":24},"end":{"line":7,"column":1}},"loc":{"start":{"line":3,"column":24},"end":{"line":7,"column":1}},"line":3}},"f":{"0":1}}
}
